<?xml version="1.0" encoding="UTF-8"?>
<!-- Generated by org.testng.reporters.JUnitReportReporter -->
<testsuite hostname="DESKTOP-OTFII76" failures="0" tests="1" name="com.run.Runner" time="13.811" errors="0" timestamp="2024-05-06T19:49:38 IST" skipped="0">
  <testcase classname="com.run.Runner" name="runScenario" time="13.811"/>
</testsuite> <!-- com.run.Runner -->
